Build started 10/9/2014 7:45:00 AM.
     1>Project "C:\Users\Kristin\Documents\CPTS422\HW6_EchoServer\HW6_EchoServer.vcxproj" on node 2 (Rebuild target(s)).
     1>ClCompile:
         C:\Program Files (x86)\Microsoft Visual Studio 12.0\VC\bin\CL.exe /c /ZI /nologo /W3 /WX- /Od /Oy- /D WIN32 /D _DEBUG /D _CONSOLE /D _LIB /D _UNICODE /D UNICODE /Gm /EHsc /RTC1 /MDd /GS /fp:precise /Zc:wchar_t /Zc:forScope /Fo"Debug\\" /Fd"Debug\vc120.pdb" /Gd /TP /analyze- /errorReport:prompt EchoServer.cpp
         EchoServer.cpp
     1>c:\users\kristin\documents\cpts422\hw6_echoserver\memorystream.h(158): warning C4244: 'argument' : conversion from 'int64_t' to 'int', possible loss of data
     1>c:\users\kristin\documents\cpts422\hw6_echoserver\memorystream.h(161): warning C4244: '-=' : conversion from 'int64_t' to 'int', possible loss of data
     1>c:\users\kristin\documents\cpts422\hw6_echoserver\memorystream.h(240): warning C4244: '=' : conversion from 'int64_t' to 'int', possible loss of data
     1>c:\users\kristin\documents\cpts422\hw6_echoserver\echoserver.cpp(35): warning C4996: 'strcpy': This function or variable may be unsafe. Consider using strcpy_s instead. To disable deprecation, use _CRT_SECURE_NO_WARNINGS. See online help for details.
                 c:\program files (x86)\microsoft visual studio 12.0\vc\include\string.h(112) : see declaration of 'strcpy'
     1>c:\users\kristin\documents\cpts422\hw6_echoserver\echoserver.cpp(109): warning C4996: 'strcpy': This function or variable may be unsafe. Consider using strcpy_s instead. To disable deprecation, use _CRT_SECURE_NO_WARNINGS. See online help for details.
                 c:\program files (x86)\microsoft visual studio 12.0\vc\include\string.h(112) : see declaration of 'strcpy'
     1>c:\users\kristin\documents\cpts422\hw6_echoserver\echoserver.cpp(162): warning C4996: 'fopen': This function or variable may be unsafe. Consider using fopen_s instead. To disable deprecation, use _CRT_SECURE_NO_WARNINGS. See online help for details.
                 c:\program files (x86)\microsoft visual studio 12.0\vc\include\stdio.h(211) : see declaration of 'fopen'
       Link:
         C:\Program Files (x86)\Microsoft Visual Studio 12.0\VC\bin\link.exe /ERRORREPORT:PROMPT /OUT:"C:\Users\Kristin\Documents\CPTS422\HW6_EchoServer\Debug\HW6_EchoServer.exe" /INCREMENTAL /NOLOGO Ws2_32.lib kernel32.lib user32.lib gdi32.lib winspool.lib comdlg32.lib advapi32.lib shell32.lib ole32.lib oleaut32.lib uuid.lib odbc32.lib odbccp32.lib /MANIFEST /MANIFESTUAC:"level='asInvoker' uiAccess='false'" /manifest:embed /DEBUG /PDB:"C:\Users\Kristin\Documents\CPTS422\HW6_EchoServer\Debug\HW6_EchoServer.pdb" /SUBSYSTEM:CONSOLE /TLBID:1 /DYNAMICBASE /NXCOMPAT /IMPLIB:"C:\Users\Kristin\Documents\CPTS422\HW6_EchoServer\Debug\HW6_EchoServer.lib" /MACHINE:X86 Debug\EchoServer.obj
         HW6_EchoServer.vcxproj -> C:\Users\Kristin\Documents\CPTS422\HW6_EchoServer\Debug\HW6_EchoServer.exe
     1>Done Building Project "C:\Users\Kristin\Documents\CPTS422\HW6_EchoServer\HW6_EchoServer.vcxproj" (Rebuild target(s)).

Build succeeded.

Time Elapsed 00:00:02.38
